Analysis & Synthesis report for DirectorOrquesta
Fri May 31 01:28:27 2019
Quartus Prime Version 18.1.0 Build 625 09/12/2018 SJ Lite Edition


---------------------
; Table of Contents ;
---------------------
  1. Legal Notice
  2. Analysis & Synthesis Summary
  3. Analysis & Synthesis Settings
  4. Parallel Compilation
  5. Analysis & Synthesis Source Files Read
  6. Analysis & Synthesis Resource Usage Summary
  7. Analysis & Synthesis Resource Utilization by Entity
  8. State Machine - |DirectorOrquesta|motpasos:M2|pres_S
  9. State Machine - |DirectorOrquesta|motpasos:M1|pres_S
 10. Registers Removed During Synthesis
 11. Removed Registers Triggering Further Register Optimizations
 12. General Register Statistics
 13. Post-Synthesis Netlist Statistics for Top Partition
 14. Elapsed Time Per Partition
 15. Analysis & Synthesis Messages



----------------
; Legal Notice ;
----------------
Copyright (C) 2018  Intel Corporation. All rights reserved.
Your use of Intel Corporation's design tools, logic functions 
and other software and tools, and its AMPP partner logic 
functions, and any output files from any of the foregoing 
(including device programming or simulation files), and any 
associated documentation or information are expressly subject 
to the terms and conditions of the Intel Program License 
Subscription Agreement, the Intel Quartus Prime License Agreement,
the Intel FPGA IP License Agreement, or other applicable license
agreement, including, without limitation, that your use is for
the sole purpose of programming logic devices manufactured by
Intel and sold by Intel or its authorized distributors.  Please
refer to the applicable agreement for further details.



+----------------------------------------------------------------------------------+
; Analysis & Synthesis Summary                                                     ;
+------------------------------------+---------------------------------------------+
; Analysis & Synthesis Status        ; Successful - Fri May 31 01:28:27 2019       ;
; Quartus Prime Version              ; 18.1.0 Build 625 09/12/2018 SJ Lite Edition ;
; Revision Name                      ; DirectorOrquesta                            ;
; Top-level Entity Name              ; DirectorOrquesta                            ;
; Family                             ; MAX 10                                      ;
; Total logic elements               ; 23                                          ;
;     Total combinational functions  ; 23                                          ;
;     Dedicated logic registers      ; 21                                          ;
; Total registers                    ; 21                                          ;
; Total pins                         ; 11                                          ;
; Total virtual pins                 ; 0                                           ;
; Total memory bits                  ; 0                                           ;
; Embedded Multiplier 9-bit elements ; 0                                           ;
; Total PLLs                         ; 0                                           ;
; UFM blocks                         ; 0                                           ;
; ADC blocks                         ; 0                                           ;
+------------------------------------+---------------------------------------------+


+------------------------------------------------------------------------------------------------------------+
; Analysis & Synthesis Settings                                                                              ;
+------------------------------------------------------------------+--------------------+--------------------+
; Option                                                           ; Setting            ; Default Value      ;
+------------------------------------------------------------------+--------------------+--------------------+
; Device                                                           ; 10M50DAF484C7G     ;                    ;
; Top-level entity name                                            ; DirectorOrquesta   ; DirectorOrquesta   ;
; Family name                                                      ; MAX 10             ; Cyclone V          ;
; Use smart compilation                                            ; Off                ; Off                ;
; Enable parallel Assembler and Timing Analyzer during compilation ; On                 ; On                 ;
; Enable compact report table                                      ; Off                ; Off                ;
; Restructure Multiplexers                                         ; Auto               ; Auto               ;
; Create Debugging Nodes for IP Cores                              ; Off                ; Off                ;
; Preserve fewer node names                                        ; On                 ; On                 ;
; Intel FPGA IP Evaluation Mode                                    ; Enable             ; Enable             ;
; Verilog Version                                                  ; Verilog_2001       ; Verilog_2001       ;
; VHDL Version                                                     ; VHDL_1993          ; VHDL_1993          ;
; State Machine Processing                                         ; Auto               ; Auto               ;
; Safe State Machine                                               ; Off                ; Off                ;
; Extract Verilog State Machines                                   ; On                 ; On                 ;
; Extract VHDL State Machines                                      ; On                 ; On                 ;
; Ignore Verilog initial constructs                                ; Off                ; Off                ;
; Iteration limit for constant Verilog loops                       ; 5000               ; 5000               ;
; Iteration limit for non-constant Verilog loops                   ; 250                ; 250                ;
; Add Pass-Through Logic to Inferred RAMs                          ; On                 ; On                 ;
; Infer RAMs from Raw Logic                                        ; On                 ; On                 ;
; Parallel Synthesis                                               ; On                 ; On                 ;
; DSP Block Balancing                                              ; Auto               ; Auto               ;
; NOT Gate Push-Back                                               ; On                 ; On                 ;
; Power-Up Don't Care                                              ; On                 ; On                 ;
; Remove Redundant Logic Cells                                     ; Off                ; Off                ;
; Remove Duplicate Registers                                       ; On                 ; On                 ;
; Ignore CARRY Buffers                                             ; Off                ; Off                ;
; Ignore CASCADE Buffers                                           ; Off                ; Off                ;
; Ignore GLOBAL Buffers                                            ; Off                ; Off                ;
; Ignore ROW GLOBAL Buffers                                        ; Off                ; Off                ;
; Ignore LCELL Buffers                                             ; Off                ; Off                ;
; Ignore SOFT Buffers                                              ; On                 ; On                 ;
; Limit AHDL Integers to 32 Bits                                   ; Off                ; Off                ;
; Optimization Technique                                           ; Balanced           ; Balanced           ;
; Carry Chain Length                                               ; 70                 ; 70                 ;
; Auto Carry Chains                                                ; On                 ; On                 ;
; Auto Open-Drain Pins                                             ; On                 ; On                 ;
; Perform WYSIWYG Primitive Resynthesis                            ; Off                ; Off                ;
; Auto ROM Replacement                                             ; On                 ; On                 ;
; Auto RAM Replacement                                             ; On                 ; On                 ;
; Auto DSP Block Replacement                                       ; On                 ; On                 ;
; Auto Shift Register Replacement                                  ; Auto               ; Auto               ;
; Allow Shift Register Merging across Hierarchies                  ; Auto               ; Auto               ;
; Auto Clock Enable Replacement                                    ; On                 ; On                 ;
; Strict RAM Replacement                                           ; Off                ; Off                ;
; Allow Synchronous Control Signals                                ; On                 ; On                 ;
; Force Use of Synchronous Clear Signals                           ; Off                ; Off                ;
; Auto RAM Block Balancing                                         ; On                 ; On                 ;
; Auto RAM to Logic Cell Conversion                                ; Off                ; Off                ;
; Auto Resource Sharing                                            ; Off                ; Off                ;
; Allow Any RAM Size For Recognition                               ; Off                ; Off                ;
; Allow Any ROM Size For Recognition                               ; Off                ; Off                ;
; Allow Any Shift Register Size For Recognition                    ; Off                ; Off                ;
; Use LogicLock Constraints during Resource Balancing              ; On                 ; On                 ;
; Ignore translate_off and synthesis_off directives                ; Off                ; Off                ;
; Timing-Driven Synthesis                                          ; On                 ; On                 ;
; Report Parameter Settings                                        ; On                 ; On                 ;
; Report Source Assignments                                        ; On                 ; On                 ;
; Report Connectivity Checks                                       ; On                 ; On                 ;
; Ignore Maximum Fan-Out Assignments                               ; Off                ; Off                ;
; Synchronization Register Chain Length                            ; 2                  ; 2                  ;
; Power Optimization During Synthesis                              ; Normal compilation ; Normal compilation ;
; HDL message level                                                ; Level2             ; Level2             ;
; Suppress Register Optimization Related Messages                  ; Off                ; Off                ;
; Number of Removed Registers Reported in Synthesis Report         ; 5000               ; 5000               ;
; Number of Swept Nodes Reported in Synthesis Report               ; 5000               ; 5000               ;
; Number of Inverted Registers Reported in Synthesis Report        ; 100                ; 100                ;
; Clock MUX Protection                                             ; On                 ; On                 ;
; Auto Gated Clock Conversion                                      ; Off                ; Off                ;
; Block Design Naming                                              ; Auto               ; Auto               ;
; SDC constraint protection                                        ; Off                ; Off                ;
; Synthesis Effort                                                 ; Auto               ; Auto               ;
; Shift Register Replacement - Allow Asynchronous Clear Signal     ; On                 ; On                 ;
; Pre-Mapping Resynthesis Optimization                             ; Off                ; Off                ;
; Analysis & Synthesis Message Level                               ; Medium             ; Medium             ;
; Disable Register Merging Across Hierarchies                      ; Auto               ; Auto               ;
; Resource Aware Inference For Block RAM                           ; On                 ; On                 ;
+------------------------------------------------------------------+--------------------+--------------------+


+------------------------------------------+
; Parallel Compilation                     ;
+----------------------------+-------------+
; Processors                 ; Number      ;
+----------------------------+-------------+
; Number detected on machine ; 4           ;
; Maximum allowed            ; 2           ;
;                            ;             ;
; Average used               ; 1.00        ;
; Maximum used               ; 2           ;
;                            ;             ;
; Usage by Processor         ; % Time Used ;
;     Processor 1            ; 100.0%      ;
;     Processor 2            ;   0.0%      ;
+----------------------------+-------------+


+---------------------------------------------------------------------------------------------------------------------------------------------------+
; Analysis & Synthesis Source Files Read                                                                                                            ;
+----------------------------------+-----------------+-----------------+------------------------------------------------------------------+---------+
; File Name with User-Entered Path ; Used in Netlist ; File Type       ; File Name with Absolute Path                                     ; Library ;
+----------------------------------+-----------------+-----------------+------------------------------------------------------------------+---------+
; DirectorOrquesta.vhd             ; yes             ; User VHDL File  ; C:/Users/Alan/Desktop/SUPER PROYECTO BATMAN/DirectorOrquesta.vhd ;         ;
; RX.vhd                           ; yes             ; User VHDL File  ; C:/Users/Alan/Desktop/SUPER PROYECTO BATMAN/RX.vhd               ;         ;
; motpasos.vhd                     ; yes             ; User VHDL File  ; C:/Users/Alan/Desktop/SUPER PROYECTO BATMAN/motpasos.vhd         ;         ;
; Servomotor.vhd                   ; yes             ; User VHDL File  ; C:/Users/Alan/Desktop/SUPER PROYECTO BATMAN/Servomotor.vhd       ;         ;
; PWM.vhd                          ; yes             ; User VHDL File  ; C:/Users/Alan/Desktop/SUPER PROYECTO BATMAN/PWM.vhd              ;         ;
; Divisor.vhd                      ; yes             ; User VHDL File  ; C:/Users/Alan/Desktop/SUPER PROYECTO BATMAN/Divisor.vhd          ;         ;
+----------------------------------+-----------------+-----------------+------------------------------------------------------------------+---------+


+---------------------------------------------------------+
; Analysis & Synthesis Resource Usage Summary             ;
+---------------------------------------------+-----------+
; Resource                                    ; Usage     ;
+---------------------------------------------+-----------+
; Estimated Total logic elements              ; 23        ;
;                                             ;           ;
; Total combinational functions               ; 23        ;
; Logic element usage by number of LUT inputs ;           ;
;     -- 4 input functions                    ; 2         ;
;     -- 3 input functions                    ; 1         ;
;     -- <=2 input functions                  ; 20        ;
;                                             ;           ;
; Logic elements by mode                      ;           ;
;     -- normal mode                          ; 6         ;
;     -- arithmetic mode                      ; 17        ;
;                                             ;           ;
; Total registers                             ; 21        ;
;     -- Dedicated logic registers            ; 21        ;
;     -- I/O registers                        ; 0         ;
;                                             ;           ;
; I/O pins                                    ; 11        ;
;                                             ;           ;
; Embedded Multiplier 9-bit elements          ; 0         ;
;                                             ;           ;
; Maximum fan-out node                        ; Clk~input ;
; Maximum fan-out                             ; 12        ;
; Total fan-out                               ; 102       ;
; Average fan-out                             ; 1.55      ;
+---------------------------------------------+-----------+


+---------------------------------------------------------------------------------------------------------------------------------------------------------------------------------------------------------------------------------------------------------------+
; Analysis & Synthesis Resource Utilization by Entity                                                                                                                                                                                                           ;
+----------------------------+---------------------+---------------------------+-------------+------------+--------------+---------+-----------+------+--------------+------------+-------------------------------------------+------------------+--------------+
; Compilation Hierarchy Node ; Combinational ALUTs ; Dedicated Logic Registers ; Memory Bits ; UFM Blocks ; DSP Elements ; DSP 9x9 ; DSP 18x18 ; Pins ; Virtual Pins ; ADC blocks ; Full Hierarchy Name                       ; Entity Name      ; Library Name ;
+----------------------------+---------------------+---------------------------+-------------+------------+--------------+---------+-----------+------+--------------+------------+-------------------------------------------+------------------+--------------+
; |DirectorOrquesta          ; 23 (0)              ; 21 (0)                    ; 0           ; 0          ; 0            ; 0       ; 0         ; 11   ; 0            ; 0          ; |DirectorOrquesta                         ; DirectorOrquesta ; work         ;
;    |Servomotor:S|          ; 23 (0)              ; 21 (0)                    ; 0           ; 0          ; 0            ; 0       ; 0         ; 0    ; 0            ; 0          ; |DirectorOrquesta|Servomotor:S            ; Servomotor       ; work         ;
;       |Divisor:U1|         ; 12 (12)             ; 12 (12)                   ; 0           ; 0          ; 0            ; 0       ; 0         ; 0    ; 0            ; 0          ; |DirectorOrquesta|Servomotor:S|Divisor:U1 ; Divisor          ; work         ;
;       |PWM:U2|             ; 11 (11)             ; 9 (9)                     ; 0           ; 0          ; 0            ; 0       ; 0         ; 0    ; 0            ; 0          ; |DirectorOrquesta|Servomotor:S|PWM:U2     ; PWM              ; work         ;
+----------------------------+---------------------+---------------------------+-------------+------------+--------------+---------+-----------+------+--------------+------------+-------------------------------------------+------------------+--------------+
Note: For table entries with two numbers listed, the numbers in parentheses indicate the number of resources of the given type used by the specific entity alone. The numbers listed outside of parentheses indicate the total resources of the given type used by the specific entity and all of its sub-entities in the hierarchy.


Encoding Type:  One-Hot
+-------------------------------------------------------------------------------------------------------------------------------------+
; State Machine - |DirectorOrquesta|motpasos:M2|pres_S                                                                                ;
+--------------+------------+------------+------------+------------+------------+------------+------------+--------------+------------+
; Name         ; pres_S.sm7 ; pres_S.sm6 ; pres_S.sm5 ; pres_S.sm4 ; pres_S.sm3 ; pres_S.sm2 ; pres_S.sm1 ; pres_S.RESET ; pres_S.sm0 ;
+--------------+------------+------------+------------+------------+------------+------------+------------+--------------+------------+
; pres_S.sm0   ; 0          ; 0          ; 0          ; 0          ; 0          ; 0          ; 0          ; 0            ; 0          ;
; pres_S.RESET ; 0          ; 0          ; 0          ; 0          ; 0          ; 0          ; 0          ; 1            ; 1          ;
; pres_S.sm1   ; 0          ; 0          ; 0          ; 0          ; 0          ; 0          ; 1          ; 0            ; 1          ;
; pres_S.sm2   ; 0          ; 0          ; 0          ; 0          ; 0          ; 1          ; 0          ; 0            ; 1          ;
; pres_S.sm3   ; 0          ; 0          ; 0          ; 0          ; 1          ; 0          ; 0          ; 0            ; 1          ;
; pres_S.sm4   ; 0          ; 0          ; 0          ; 1          ; 0          ; 0          ; 0          ; 0            ; 1          ;
; pres_S.sm5   ; 0          ; 0          ; 1          ; 0          ; 0          ; 0          ; 0          ; 0            ; 1          ;
; pres_S.sm6   ; 0          ; 1          ; 0          ; 0          ; 0          ; 0          ; 0          ; 0            ; 1          ;
; pres_S.sm7   ; 1          ; 0          ; 0          ; 0          ; 0          ; 0          ; 0          ; 0            ; 1          ;
+--------------+------------+------------+------------+------------+------------+------------+------------+--------------+------------+


Encoding Type:  One-Hot
+-------------------------------------------------------------------------------------------------------------------------------------+
; State Machine - |DirectorOrquesta|motpasos:M1|pres_S                                                                                ;
+--------------+------------+------------+------------+------------+------------+------------+------------+--------------+------------+
; Name         ; pres_S.sm7 ; pres_S.sm6 ; pres_S.sm5 ; pres_S.sm4 ; pres_S.sm3 ; pres_S.sm2 ; pres_S.sm1 ; pres_S.RESET ; pres_S.sm0 ;
+--------------+------------+------------+------------+------------+------------+------------+------------+--------------+------------+
; pres_S.sm0   ; 0          ; 0          ; 0          ; 0          ; 0          ; 0          ; 0          ; 0            ; 0          ;
; pres_S.RESET ; 0          ; 0          ; 0          ; 0          ; 0          ; 0          ; 0          ; 1            ; 1          ;
; pres_S.sm1   ; 0          ; 0          ; 0          ; 0          ; 0          ; 0          ; 1          ; 0            ; 1          ;
; pres_S.sm2   ; 0          ; 0          ; 0          ; 0          ; 0          ; 1          ; 0          ; 0            ; 1          ;
; pres_S.sm3   ; 0          ; 0          ; 0          ; 0          ; 1          ; 0          ; 0          ; 0            ; 1          ;
; pres_S.sm4   ; 0          ; 0          ; 0          ; 1          ; 0          ; 0          ; 0          ; 0            ; 1          ;
; pres_S.sm5   ; 0          ; 0          ; 1          ; 0          ; 0          ; 0          ; 0          ; 0            ; 1          ;
; pres_S.sm6   ; 0          ; 1          ; 0          ; 0          ; 0          ; 0          ; 0          ; 0            ; 1          ;
; pres_S.sm7   ; 1          ; 0          ; 0          ; 0          ; 0          ; 0          ; 0          ; 0            ; 1          ;
+--------------+------------+------------+------------+------------+------------+------------+------------+--------------+------------+


+----------------------------------------------------------------------------------+
; Registers Removed During Synthesis                                               ;
+-----------------------------------------+----------------------------------------+
; Register name                           ; Reason for Removal                     ;
+-----------------------------------------+----------------------------------------+
; i[0..30]                                ; Stuck at GND due to stuck port clock   ;
; reset2                                  ; Stuck at GND due to stuck port clock   ;
; activar2                                ; Stuck at GND due to stuck port clock   ;
; reset1                                  ; Stuck at GND due to stuck port clock   ;
; activar1                                ; Stuck at GND due to stuck port clock   ;
; \bucle:over[0..31]                      ; Stuck at GND due to stuck port clock   ;
; motpasos:M2|div[0..17]                  ; Stuck at GND due to stuck port clear   ;
; motpasos:M1|div[0..17]                  ; Stuck at GND due to stuck port clear   ;
; RX:R|LEDS[0..7]                         ; Lost fanout                            ;
; RX:R|BUFF[0..9]                         ; Lost fanout                            ;
; RX:R|PRE[0..12]                         ; Lost fanout                            ;
; RX:R|INDICE[0..3]                       ; Lost fanout                            ;
; RX:R|Flag                               ; Lost fanout                            ;
; Servomotor:S|valor[0]                   ; Merged with Servomotor:S|ancho[0]      ;
; Servomotor:S|valor[1]                   ; Merged with Servomotor:S|ancho[1]      ;
; Servomotor:S|valor[2]                   ; Merged with Servomotor:S|ancho[2]      ;
; Servomotor:S|valor[3]                   ; Merged with Servomotor:S|ancho[3]      ;
; Servomotor:S|valor[4]                   ; Merged with Servomotor:S|ancho[4]      ;
; Servomotor:S|valor[5]                   ; Merged with Servomotor:S|ancho[5]      ;
; Servomotor:S|valor[6]                   ; Merged with Servomotor:S|ancho[6]      ;
; Servomotor:S|valor[7]                   ; Merged with Servomotor:S|ancho[7]      ;
; Servomotor:S|ancho[0..3]                ; Stuck at VCC due to stuck port data_in ;
; Servomotor:S|ancho[4..7]                ; Stuck at GND due to stuck port data_in ;
; Servomotor:S|cuenta[0..9]               ; Lost fanout                            ;
; motpasos:M2|pres_S.RESET                ; Lost fanout                            ;
; motpasos:M1|pres_S.RESET                ; Lost fanout                            ;
; motpasos:M2|pres_S.sm1                  ; Lost fanout                            ;
; motpasos:M2|pres_S.sm2                  ; Lost fanout                            ;
; motpasos:M2|pres_S.sm3                  ; Lost fanout                            ;
; motpasos:M2|pres_S.sm4                  ; Lost fanout                            ;
; motpasos:M2|pres_S.sm5                  ; Lost fanout                            ;
; motpasos:M2|pres_S.sm6                  ; Lost fanout                            ;
; motpasos:M2|pres_S.sm7                  ; Lost fanout                            ;
; motpasos:M1|pres_S.sm1                  ; Lost fanout                            ;
; motpasos:M1|pres_S.sm2                  ; Lost fanout                            ;
; motpasos:M1|pres_S.sm3                  ; Lost fanout                            ;
; motpasos:M1|pres_S.sm4                  ; Lost fanout                            ;
; motpasos:M1|pres_S.sm5                  ; Lost fanout                            ;
; motpasos:M1|pres_S.sm6                  ; Lost fanout                            ;
; motpasos:M1|pres_S.sm7                  ; Lost fanout                            ;
; motpasos:M2|pres_S.sm0                  ; Stuck at GND due to stuck port clear   ;
; motpasos:M1|pres_S.sm0                  ; Stuck at GND due to stuck port clear   ;
; Servomotor:S|Divisor:U1|cuenta[12..27]  ; Lost fanout                            ;
; Total Number of Removed Registers = 199 ;                                        ;
+-----------------------------------------+----------------------------------------+


+----------------------------------------------------------------------------------------------------------------------------------------------+
; Removed Registers Triggering Further Register Optimizations                                                                                  ;
+-----------------------+---------------------------+------------------------------------------------------------------------------------------+
; Register name         ; Reason for Removal        ; Registers Removed due to This Register                                                   ;
+-----------------------+---------------------------+------------------------------------------------------------------------------------------+
; i[8]                  ; Stuck at GND              ; reset2, activar2, reset1, activar1, \bucle:over[0], \bucle:over[1], \bucle:over[2],      ;
;                       ; due to stuck port clock   ; \bucle:over[3], \bucle:over[4], \bucle:over[5], \bucle:over[6], \bucle:over[7],          ;
;                       ;                           ; \bucle:over[8], \bucle:over[9], \bucle:over[10], \bucle:over[11], \bucle:over[12],       ;
;                       ;                           ; \bucle:over[13], \bucle:over[14], \bucle:over[15], \bucle:over[16], \bucle:over[17],     ;
;                       ;                           ; \bucle:over[18], \bucle:over[19], \bucle:over[20], \bucle:over[21], \bucle:over[22],     ;
;                       ;                           ; \bucle:over[23], \bucle:over[24], \bucle:over[25], \bucle:over[26], \bucle:over[27],     ;
;                       ;                           ; \bucle:over[28], \bucle:over[29], \bucle:over[30], \bucle:over[31], motpasos:M2|div[17], ;
;                       ;                           ; motpasos:M2|div[16], motpasos:M2|div[15], motpasos:M2|div[14], motpasos:M2|div[13],      ;
;                       ;                           ; motpasos:M2|div[12], motpasos:M2|div[11], motpasos:M2|div[10], motpasos:M2|div[9],       ;
;                       ;                           ; motpasos:M2|div[8], motpasos:M2|div[7], motpasos:M2|div[6], motpasos:M2|div[5],          ;
;                       ;                           ; motpasos:M2|div[4], motpasos:M2|div[3], motpasos:M2|div[2], motpasos:M2|div[1],          ;
;                       ;                           ; motpasos:M2|div[0], motpasos:M1|div[17], motpasos:M1|div[16], motpasos:M1|div[15],       ;
;                       ;                           ; motpasos:M1|div[14], motpasos:M1|div[13], motpasos:M1|div[12], motpasos:M1|div[11],      ;
;                       ;                           ; motpasos:M1|div[10], motpasos:M1|div[9], motpasos:M1|div[8], motpasos:M1|div[7],         ;
;                       ;                           ; motpasos:M1|div[6], motpasos:M1|div[5], motpasos:M1|div[4], motpasos:M1|div[3],          ;
;                       ;                           ; motpasos:M1|div[2], motpasos:M1|div[1], motpasos:M1|div[0]                               ;
; RX:R|LEDS[1]          ; Lost Fanouts              ; RX:R|BUFF[0], RX:R|BUFF[2], RX:R|BUFF[9], RX:R|Flag                                      ;
; Servomotor:S|ancho[0] ; Stuck at VCC              ; Servomotor:S|cuenta[7], Servomotor:S|cuenta[8], Servomotor:S|cuenta[9]                   ;
;                       ; due to stuck port data_in ;                                                                                          ;
; RX:R|LEDS[0]          ; Lost Fanouts              ; RX:R|BUFF[1]                                                                             ;
+-----------------------+---------------------------+------------------------------------------------------------------------------------------+


+------------------------------------------------------+
; General Register Statistics                          ;
+----------------------------------------------+-------+
; Statistic                                    ; Value ;
+----------------------------------------------+-------+
; Total registers                              ; 21    ;
; Number of registers using Synchronous Clear  ; 0     ;
; Number of registers using Synchronous Load   ; 0     ;
; Number of registers using Asynchronous Clear ; 0     ;
; Number of registers using Asynchronous Load  ; 0     ;
; Number of registers using Clock Enable       ; 0     ;
; Number of registers using Preset             ; 0     ;
+----------------------------------------------+-------+


+-----------------------------------------------------+
; Post-Synthesis Netlist Statistics for Top Partition ;
+-----------------------+-----------------------------+
; Type                  ; Count                       ;
+-----------------------+-----------------------------+
; boundary_port         ; 11                          ;
; cycloneiii_ff         ; 21                          ;
;     plain             ; 21                          ;
; cycloneiii_lcell_comb ; 25                          ;
;     arith             ; 17                          ;
;         2 data inputs ; 16                          ;
;         3 data inputs ; 1                           ;
;     normal            ; 8                           ;
;         0 data inputs ; 2                           ;
;         1 data inputs ; 3                           ;
;         2 data inputs ; 1                           ;
;         4 data inputs ; 2                           ;
;                       ;                             ;
; Max LUT depth         ; 3.50                        ;
; Average LUT depth     ; 2.15                        ;
+-----------------------+-----------------------------+


+-------------------------------+
; Elapsed Time Per Partition    ;
+----------------+--------------+
; Partition Name ; Elapsed Time ;
+----------------+--------------+
; Top            ; 00:00:01     ;
+----------------+--------------+


+-------------------------------+
; Analysis & Synthesis Messages ;
+-------------------------------+
Info: *******************************************************************
Info: Running Quartus Prime Analysis & Synthesis
    Info: Version 18.1.0 Build 625 09/12/2018 SJ Lite Edition
    Info: Processing started: Fri May 31 01:28:08 2019
Info: Command: quartus_map --read_settings_files=on --write_settings_files=off DirectorOrquesta -c DirectorOrquesta
Warning (18236): Number of processors has not been specified which may cause overloading on shared machines.  Set the global assignment NUM_PARALLEL_PROCESSORS in your QSF to an appropriate value for best performance.
Info (20030): Parallel compilation is enabled and will use 2 of the 2 processors detected
Info (12021): Found 2 design units, including 1 entities, in source file directororquesta.vhd
    Info (12022): Found design unit 1: DirectorOrquesta-behaivoral File: C:/Users/Alan/Desktop/SUPER PROYECTO BATMAN/DirectorOrquesta.vhd Line: 12
    Info (12023): Found entity 1: DirectorOrquesta File: C:/Users/Alan/Desktop/SUPER PROYECTO BATMAN/DirectorOrquesta.vhd Line: 4
Info (12021): Found 2 design units, including 1 entities, in source file rx.vhd
    Info (12022): Found design unit 1: RX-behaivoral File: C:/Users/Alan/Desktop/SUPER PROYECTO BATMAN/RX.vhd Line: 9
    Info (12023): Found entity 1: RX File: C:/Users/Alan/Desktop/SUPER PROYECTO BATMAN/RX.vhd Line: 4
Info (12021): Found 2 design units, including 1 entities, in source file motpasos.vhd
    Info (12022): Found design unit 1: motpasos-behavioral File: C:/Users/Alan/Desktop/SUPER PROYECTO BATMAN/motpasos.vhd Line: 15
    Info (12023): Found entity 1: motpasos File: C:/Users/Alan/Desktop/SUPER PROYECTO BATMAN/motpasos.vhd Line: 6
Info (12021): Found 2 design units, including 1 entities, in source file servomotor.vhd
    Info (12022): Found design unit 1: Servomotor-Behavioral File: C:/Users/Alan/Desktop/SUPER PROYECTO BATMAN/Servomotor.vhd Line: 15
    Info (12023): Found entity 1: Servomotor File: C:/Users/Alan/Desktop/SUPER PROYECTO BATMAN/Servomotor.vhd Line: 6
Info (12021): Found 2 design units, including 1 entities, in source file pwm.vhd
    Info (12022): Found design unit 1: PWM-Behavioral File: C:/Users/Alan/Desktop/SUPER PROYECTO BATMAN/PWM.vhd Line: 10
    Info (12023): Found entity 1: PWM File: C:/Users/Alan/Desktop/SUPER PROYECTO BATMAN/PWM.vhd Line: 5
Info (12021): Found 2 design units, including 1 entities, in source file divisor.vhd
    Info (12022): Found design unit 1: Divisor-Behavioral File: C:/Users/Alan/Desktop/SUPER PROYECTO BATMAN/Divisor.vhd Line: 9
    Info (12023): Found entity 1: Divisor File: C:/Users/Alan/Desktop/SUPER PROYECTO BATMAN/Divisor.vhd Line: 5
Info (12127): Elaborating entity "DirectorOrquesta" for the top level hierarchy
Warning (10540): VHDL Signal Declaration warning at DirectorOrquesta.vhd(45): used explicit default value for signal "coordenadax0" because signal was never assigned a value File: C:/Users/Alan/Desktop/SUPER PROYECTO BATMAN/DirectorOrquesta.vhd Line: 45
Warning (10540): VHDL Signal Declaration warning at DirectorOrquesta.vhd(46): used explicit default value for signal "coordenaday0" because signal was never assigned a value File: C:/Users/Alan/Desktop/SUPER PROYECTO BATMAN/DirectorOrquesta.vhd Line: 46
Warning (10541): VHDL Signal Declaration warning at DirectorOrquesta.vhd(47): used implicit default value for signal "Piniorq" because signal was never assigned a value or an explicit default value. Use of implicit default value may introduce unintended design optimizations. File: C:/Users/Alan/Desktop/SUPER PROYECTO BATMAN/DirectorOrquesta.vhd Line: 47
Warning (10541): VHDL Signal Declaration warning at DirectorOrquesta.vhd(48): used implicit default value for signal "Pfinorq" because signal was never assigned a value or an explicit default value. Use of implicit default value may introduce unintended design optimizations. File: C:/Users/Alan/Desktop/SUPER PROYECTO BATMAN/DirectorOrquesta.vhd Line: 48
Warning (10541): VHDL Signal Declaration warning at DirectorOrquesta.vhd(49): used implicit default value for signal "Incorq" because signal was never assigned a value or an explicit default value. Use of implicit default value may introduce unintended design optimizations. File: C:/Users/Alan/Desktop/SUPER PROYECTO BATMAN/DirectorOrquesta.vhd Line: 49
Warning (10541): VHDL Signal Declaration warning at DirectorOrquesta.vhd(50): used implicit default value for signal "Decorq" because signal was never assigned a value or an explicit default value. Use of implicit default value may introduce unintended design optimizations. File: C:/Users/Alan/Desktop/SUPER PROYECTO BATMAN/DirectorOrquesta.vhd Line: 50
Warning (10631): VHDL Process Statement warning at DirectorOrquesta.vhd(63): inferring latch(es) for signal or variable "coordenadax", which holds its previous value in one or more paths through the process File: C:/Users/Alan/Desktop/SUPER PROYECTO BATMAN/DirectorOrquesta.vhd Line: 63
Warning (10631): VHDL Process Statement warning at DirectorOrquesta.vhd(63): inferring latch(es) for signal or variable "coordenaday", which holds its previous value in one or more paths through the process File: C:/Users/Alan/Desktop/SUPER PROYECTO BATMAN/DirectorOrquesta.vhd Line: 63
Warning (10492): VHDL Process Statement warning at DirectorOrquesta.vhd(77): signal "coordenadax" is read inside the Process Statement but isn't in the Process Statement's sensitivity list File: C:/Users/Alan/Desktop/SUPER PROYECTO BATMAN/DirectorOrquesta.vhd Line: 77
Warning (10492): VHDL Process Statement warning at DirectorOrquesta.vhd(77): signal "coordenadax0" is read inside the Process Statement but isn't in the Process Statement's sensitivity list File: C:/Users/Alan/Desktop/SUPER PROYECTO BATMAN/DirectorOrquesta.vhd Line: 77
Warning (10492): VHDL Process Statement warning at DirectorOrquesta.vhd(78): signal "coordenaday0" is read inside the Process Statement but isn't in the Process Statement's sensitivity list File: C:/Users/Alan/Desktop/SUPER PROYECTO BATMAN/DirectorOrquesta.vhd Line: 78
Warning (10492): VHDL Process Statement warning at DirectorOrquesta.vhd(79): signal "coordenadax0" is read inside the Process Statement but isn't in the Process Statement's sensitivity list File: C:/Users/Alan/Desktop/SUPER PROYECTO BATMAN/DirectorOrquesta.vhd Line: 79
Warning (10492): VHDL Process Statement warning at DirectorOrquesta.vhd(79): signal "coordenadax" is read inside the Process Statement but isn't in the Process Statement's sensitivity list File: C:/Users/Alan/Desktop/SUPER PROYECTO BATMAN/DirectorOrquesta.vhd Line: 79
Warning (10492): VHDL Process Statement warning at DirectorOrquesta.vhd(84): signal "coordenaday0" is read inside the Process Statement but isn't in the Process Statement's sensitivity list File: C:/Users/Alan/Desktop/SUPER PROYECTO BATMAN/DirectorOrquesta.vhd Line: 84
Info (10041): Inferred latch for "coordenaday[0]" at DirectorOrquesta.vhd(63) File: C:/Users/Alan/Desktop/SUPER PROYECTO BATMAN/DirectorOrquesta.vhd Line: 63
Info (10041): Inferred latch for "coordenaday[1]" at DirectorOrquesta.vhd(63) File: C:/Users/Alan/Desktop/SUPER PROYECTO BATMAN/DirectorOrquesta.vhd Line: 63
Info (10041): Inferred latch for "coordenaday[2]" at DirectorOrquesta.vhd(63) File: C:/Users/Alan/Desktop/SUPER PROYECTO BATMAN/DirectorOrquesta.vhd Line: 63
Info (10041): Inferred latch for "coordenaday[3]" at DirectorOrquesta.vhd(63) File: C:/Users/Alan/Desktop/SUPER PROYECTO BATMAN/DirectorOrquesta.vhd Line: 63
Info (10041): Inferred latch for "coordenaday[4]" at DirectorOrquesta.vhd(63) File: C:/Users/Alan/Desktop/SUPER PROYECTO BATMAN/DirectorOrquesta.vhd Line: 63
Info (10041): Inferred latch for "coordenaday[5]" at DirectorOrquesta.vhd(63) File: C:/Users/Alan/Desktop/SUPER PROYECTO BATMAN/DirectorOrquesta.vhd Line: 63
Info (10041): Inferred latch for "coordenaday[6]" at DirectorOrquesta.vhd(63) File: C:/Users/Alan/Desktop/SUPER PROYECTO BATMAN/DirectorOrquesta.vhd Line: 63
Info (10041): Inferred latch for "coordenaday[7]" at DirectorOrquesta.vhd(63) File: C:/Users/Alan/Desktop/SUPER PROYECTO BATMAN/DirectorOrquesta.vhd Line: 63
Info (10041): Inferred latch for "coordenaday[8]" at DirectorOrquesta.vhd(63) File: C:/Users/Alan/Desktop/SUPER PROYECTO BATMAN/DirectorOrquesta.vhd Line: 63
Info (10041): Inferred latch for "coordenaday[9]" at DirectorOrquesta.vhd(63) File: C:/Users/Alan/Desktop/SUPER PROYECTO BATMAN/DirectorOrquesta.vhd Line: 63
Info (10041): Inferred latch for "coordenaday[10]" at DirectorOrquesta.vhd(63) File: C:/Users/Alan/Desktop/SUPER PROYECTO BATMAN/DirectorOrquesta.vhd Line: 63
Info (10041): Inferred latch for "coordenaday[11]" at DirectorOrquesta.vhd(63) File: C:/Users/Alan/Desktop/SUPER PROYECTO BATMAN/DirectorOrquesta.vhd Line: 63
Info (10041): Inferred latch for "coordenaday[12]" at DirectorOrquesta.vhd(63) File: C:/Users/Alan/Desktop/SUPER PROYECTO BATMAN/DirectorOrquesta.vhd Line: 63
Info (10041): Inferred latch for "coordenaday[13]" at DirectorOrquesta.vhd(63) File: C:/Users/Alan/Desktop/SUPER PROYECTO BATMAN/DirectorOrquesta.vhd Line: 63
Info (10041): Inferred latch for "coordenaday[14]" at DirectorOrquesta.vhd(63) File: C:/Users/Alan/Desktop/SUPER PROYECTO BATMAN/DirectorOrquesta.vhd Line: 63
Info (10041): Inferred latch for "coordenaday[15]" at DirectorOrquesta.vhd(63) File: C:/Users/Alan/Desktop/SUPER PROYECTO BATMAN/DirectorOrquesta.vhd Line: 63
Info (10041): Inferred latch for "coordenaday[16]" at DirectorOrquesta.vhd(63) File: C:/Users/Alan/Desktop/SUPER PROYECTO BATMAN/DirectorOrquesta.vhd Line: 63
Info (10041): Inferred latch for "coordenaday[17]" at DirectorOrquesta.vhd(63) File: C:/Users/Alan/Desktop/SUPER PROYECTO BATMAN/DirectorOrquesta.vhd Line: 63
Info (10041): Inferred latch for "coordenaday[18]" at DirectorOrquesta.vhd(63) File: C:/Users/Alan/Desktop/SUPER PROYECTO BATMAN/DirectorOrquesta.vhd Line: 63
Info (10041): Inferred latch for "coordenaday[19]" at DirectorOrquesta.vhd(63) File: C:/Users/Alan/Desktop/SUPER PROYECTO BATMAN/DirectorOrquesta.vhd Line: 63
Info (10041): Inferred latch for "coordenaday[20]" at DirectorOrquesta.vhd(63) File: C:/Users/Alan/Desktop/SUPER PROYECTO BATMAN/DirectorOrquesta.vhd Line: 63
Info (10041): Inferred latch for "coordenaday[21]" at DirectorOrquesta.vhd(63) File: C:/Users/Alan/Desktop/SUPER PROYECTO BATMAN/DirectorOrquesta.vhd Line: 63
Info (10041): Inferred latch for "coordenaday[22]" at DirectorOrquesta.vhd(63) File: C:/Users/Alan/Desktop/SUPER PROYECTO BATMAN/DirectorOrquesta.vhd Line: 63
Info (10041): Inferred latch for "coordenaday[23]" at DirectorOrquesta.vhd(63) File: C:/Users/Alan/Desktop/SUPER PROYECTO BATMAN/DirectorOrquesta.vhd Line: 63
Info (10041): Inferred latch for "coordenaday[24]" at DirectorOrquesta.vhd(63) File: C:/Users/Alan/Desktop/SUPER PROYECTO BATMAN/DirectorOrquesta.vhd Line: 63
Info (10041): Inferred latch for "coordenaday[25]" at DirectorOrquesta.vhd(63) File: C:/Users/Alan/Desktop/SUPER PROYECTO BATMAN/DirectorOrquesta.vhd Line: 63
Info (10041): Inferred latch for "coordenaday[26]" at DirectorOrquesta.vhd(63) File: C:/Users/Alan/Desktop/SUPER PROYECTO BATMAN/DirectorOrquesta.vhd Line: 63
Info (10041): Inferred latch for "coordenaday[27]" at DirectorOrquesta.vhd(63) File: C:/Users/Alan/Desktop/SUPER PROYECTO BATMAN/DirectorOrquesta.vhd Line: 63
Info (10041): Inferred latch for "coordenaday[28]" at DirectorOrquesta.vhd(63) File: C:/Users/Alan/Desktop/SUPER PROYECTO BATMAN/DirectorOrquesta.vhd Line: 63
Info (10041): Inferred latch for "coordenaday[29]" at DirectorOrquesta.vhd(63) File: C:/Users/Alan/Desktop/SUPER PROYECTO BATMAN/DirectorOrquesta.vhd Line: 63
Info (10041): Inferred latch for "coordenaday[30]" at DirectorOrquesta.vhd(63) File: C:/Users/Alan/Desktop/SUPER PROYECTO BATMAN/DirectorOrquesta.vhd Line: 63
Info (10041): Inferred latch for "coordenaday[31]" at DirectorOrquesta.vhd(63) File: C:/Users/Alan/Desktop/SUPER PROYECTO BATMAN/DirectorOrquesta.vhd Line: 63
Info (10041): Inferred latch for "coordenadax[0]" at DirectorOrquesta.vhd(63) File: C:/Users/Alan/Desktop/SUPER PROYECTO BATMAN/DirectorOrquesta.vhd Line: 63
Info (10041): Inferred latch for "coordenadax[1]" at DirectorOrquesta.vhd(63) File: C:/Users/Alan/Desktop/SUPER PROYECTO BATMAN/DirectorOrquesta.vhd Line: 63
Info (10041): Inferred latch for "coordenadax[2]" at DirectorOrquesta.vhd(63) File: C:/Users/Alan/Desktop/SUPER PROYECTO BATMAN/DirectorOrquesta.vhd Line: 63
Info (10041): Inferred latch for "coordenadax[3]" at DirectorOrquesta.vhd(63) File: C:/Users/Alan/Desktop/SUPER PROYECTO BATMAN/DirectorOrquesta.vhd Line: 63
Info (10041): Inferred latch for "coordenadax[4]" at DirectorOrquesta.vhd(63) File: C:/Users/Alan/Desktop/SUPER PROYECTO BATMAN/DirectorOrquesta.vhd Line: 63
Info (10041): Inferred latch for "coordenadax[5]" at DirectorOrquesta.vhd(63) File: C:/Users/Alan/Desktop/SUPER PROYECTO BATMAN/DirectorOrquesta.vhd Line: 63
Info (10041): Inferred latch for "coordenadax[6]" at DirectorOrquesta.vhd(63) File: C:/Users/Alan/Desktop/SUPER PROYECTO BATMAN/DirectorOrquesta.vhd Line: 63
Info (10041): Inferred latch for "coordenadax[7]" at DirectorOrquesta.vhd(63) File: C:/Users/Alan/Desktop/SUPER PROYECTO BATMAN/DirectorOrquesta.vhd Line: 63
Info (10041): Inferred latch for "coordenadax[8]" at DirectorOrquesta.vhd(63) File: C:/Users/Alan/Desktop/SUPER PROYECTO BATMAN/DirectorOrquesta.vhd Line: 63
Info (10041): Inferred latch for "coordenadax[9]" at DirectorOrquesta.vhd(63) File: C:/Users/Alan/Desktop/SUPER PROYECTO BATMAN/DirectorOrquesta.vhd Line: 63
Info (10041): Inferred latch for "coordenadax[10]" at DirectorOrquesta.vhd(63) File: C:/Users/Alan/Desktop/SUPER PROYECTO BATMAN/DirectorOrquesta.vhd Line: 63
Info (10041): Inferred latch for "coordenadax[11]" at DirectorOrquesta.vhd(63) File: C:/Users/Alan/Desktop/SUPER PROYECTO BATMAN/DirectorOrquesta.vhd Line: 63
Info (10041): Inferred latch for "coordenadax[12]" at DirectorOrquesta.vhd(63) File: C:/Users/Alan/Desktop/SUPER PROYECTO BATMAN/DirectorOrquesta.vhd Line: 63
Info (10041): Inferred latch for "coordenadax[13]" at DirectorOrquesta.vhd(63) File: C:/Users/Alan/Desktop/SUPER PROYECTO BATMAN/DirectorOrquesta.vhd Line: 63
Info (10041): Inferred latch for "coordenadax[14]" at DirectorOrquesta.vhd(63) File: C:/Users/Alan/Desktop/SUPER PROYECTO BATMAN/DirectorOrquesta.vhd Line: 63
Info (10041): Inferred latch for "coordenadax[15]" at DirectorOrquesta.vhd(63) File: C:/Users/Alan/Desktop/SUPER PROYECTO BATMAN/DirectorOrquesta.vhd Line: 63
Info (10041): Inferred latch for "coordenadax[16]" at DirectorOrquesta.vhd(63) File: C:/Users/Alan/Desktop/SUPER PROYECTO BATMAN/DirectorOrquesta.vhd Line: 63
Info (10041): Inferred latch for "coordenadax[17]" at DirectorOrquesta.vhd(63) File: C:/Users/Alan/Desktop/SUPER PROYECTO BATMAN/DirectorOrquesta.vhd Line: 63
Info (10041): Inferred latch for "coordenadax[18]" at DirectorOrquesta.vhd(63) File: C:/Users/Alan/Desktop/SUPER PROYECTO BATMAN/DirectorOrquesta.vhd Line: 63
Info (10041): Inferred latch for "coordenadax[19]" at DirectorOrquesta.vhd(63) File: C:/Users/Alan/Desktop/SUPER PROYECTO BATMAN/DirectorOrquesta.vhd Line: 63
Info (10041): Inferred latch for "coordenadax[20]" at DirectorOrquesta.vhd(63) File: C:/Users/Alan/Desktop/SUPER PROYECTO BATMAN/DirectorOrquesta.vhd Line: 63
Info (10041): Inferred latch for "coordenadax[21]" at DirectorOrquesta.vhd(63) File: C:/Users/Alan/Desktop/SUPER PROYECTO BATMAN/DirectorOrquesta.vhd Line: 63
Info (10041): Inferred latch for "coordenadax[22]" at DirectorOrquesta.vhd(63) File: C:/Users/Alan/Desktop/SUPER PROYECTO BATMAN/DirectorOrquesta.vhd Line: 63
Info (10041): Inferred latch for "coordenadax[23]" at DirectorOrquesta.vhd(63) File: C:/Users/Alan/Desktop/SUPER PROYECTO BATMAN/DirectorOrquesta.vhd Line: 63
Info (10041): Inferred latch for "coordenadax[24]" at DirectorOrquesta.vhd(63) File: C:/Users/Alan/Desktop/SUPER PROYECTO BATMAN/DirectorOrquesta.vhd Line: 63
Info (10041): Inferred latch for "coordenadax[25]" at DirectorOrquesta.vhd(63) File: C:/Users/Alan/Desktop/SUPER PROYECTO BATMAN/DirectorOrquesta.vhd Line: 63
Info (10041): Inferred latch for "coordenadax[26]" at DirectorOrquesta.vhd(63) File: C:/Users/Alan/Desktop/SUPER PROYECTO BATMAN/DirectorOrquesta.vhd Line: 63
Info (10041): Inferred latch for "coordenadax[27]" at DirectorOrquesta.vhd(63) File: C:/Users/Alan/Desktop/SUPER PROYECTO BATMAN/DirectorOrquesta.vhd Line: 63
Info (10041): Inferred latch for "coordenadax[28]" at DirectorOrquesta.vhd(63) File: C:/Users/Alan/Desktop/SUPER PROYECTO BATMAN/DirectorOrquesta.vhd Line: 63
Info (10041): Inferred latch for "coordenadax[29]" at DirectorOrquesta.vhd(63) File: C:/Users/Alan/Desktop/SUPER PROYECTO BATMAN/DirectorOrquesta.vhd Line: 63
Info (10041): Inferred latch for "coordenadax[30]" at DirectorOrquesta.vhd(63) File: C:/Users/Alan/Desktop/SUPER PROYECTO BATMAN/DirectorOrquesta.vhd Line: 63
Info (10041): Inferred latch for "coordenadax[31]" at DirectorOrquesta.vhd(63) File: C:/Users/Alan/Desktop/SUPER PROYECTO BATMAN/DirectorOrquesta.vhd Line: 63
Info (12128): Elaborating entity "RX" for hierarchy "RX:R" File: C:/Users/Alan/Desktop/SUPER PROYECTO BATMAN/DirectorOrquesta.vhd Line: 58
Info (12128): Elaborating entity "motpasos" for hierarchy "motpasos:M1" File: C:/Users/Alan/Desktop/SUPER PROYECTO BATMAN/DirectorOrquesta.vhd Line: 59
Info (12128): Elaborating entity "Servomotor" for hierarchy "Servomotor:S" File: C:/Users/Alan/Desktop/SUPER PROYECTO BATMAN/DirectorOrquesta.vhd Line: 61
Info (12128): Elaborating entity "Divisor" for hierarchy "Servomotor:S|Divisor:U1" File: C:/Users/Alan/Desktop/SUPER PROYECTO BATMAN/Servomotor.vhd Line: 31
Info (12128): Elaborating entity "PWM" for hierarchy "Servomotor:S|PWM:U2" File: C:/Users/Alan/Desktop/SUPER PROYECTO BATMAN/Servomotor.vhd Line: 32
Warning (13024): Output pins are stuck at VCC or GND
    Warning (13410): Pin "MOT1[0]" is stuck at GND File: C:/Users/Alan/Desktop/SUPER PROYECTO BATMAN/DirectorOrquesta.vhd Line: 7
    Warning (13410): Pin "MOT1[1]" is stuck at GND File: C:/Users/Alan/Desktop/SUPER PROYECTO BATMAN/DirectorOrquesta.vhd Line: 7
    Warning (13410): Pin "MOT1[2]" is stuck at GND File: C:/Users/Alan/Desktop/SUPER PROYECTO BATMAN/DirectorOrquesta.vhd Line: 7
    Warning (13410): Pin "MOT1[3]" is stuck at VCC File: C:/Users/Alan/Desktop/SUPER PROYECTO BATMAN/DirectorOrquesta.vhd Line: 7
    Warning (13410): Pin "MOT2[0]" is stuck at GND File: C:/Users/Alan/Desktop/SUPER PROYECTO BATMAN/DirectorOrquesta.vhd Line: 8
    Warning (13410): Pin "MOT2[1]" is stuck at GND File: C:/Users/Alan/Desktop/SUPER PROYECTO BATMAN/DirectorOrquesta.vhd Line: 8
    Warning (13410): Pin "MOT2[2]" is stuck at GND File: C:/Users/Alan/Desktop/SUPER PROYECTO BATMAN/DirectorOrquesta.vhd Line: 8
    Warning (13410): Pin "MOT2[3]" is stuck at VCC File: C:/Users/Alan/Desktop/SUPER PROYECTO BATMAN/DirectorOrquesta.vhd Line: 8
Info (286030): Timing-Driven Synthesis is running
Info (17049): 78 registers lost all their fanouts during netlist optimizations.
Info (16010): Generating hard_block partition "hard_block:auto_generated_inst"
    Info (16011): Adding 0 node(s), including 0 DDIO, 0 PLL, 0 transceiver and 0 LCELL
Warning (21074): Design contains 1 input pin(s) that do not drive logic
    Warning (15610): No output dependent on input pin "Rrorq" File: C:/Users/Alan/Desktop/SUPER PROYECTO BATMAN/DirectorOrquesta.vhd Line: 6
Info (21057): Implemented 42 device resources after synthesis - the final resource count might be different
    Info (21058): Implemented 2 input pins
    Info (21059): Implemented 9 output pins
    Info (21061): Implemented 31 logic cells
Info: Quartus Prime Analysis & Synthesis was successful. 0 errors, 26 warnings
    Info: Peak virtual memory: 650 megabytes
    Info: Processing ended: Fri May 31 01:28:27 2019
    Info: Elapsed time: 00:00:19
    Info: Total CPU time (on all processors): 00:00:42


